<?xml version="1.0" encoding="UTF-8"?>
<Site BuildName="Win32-mingw32-make"
	BuildStamp="20231012-0715-Experimental"
	Name="Laptop_Silke"
	Generator="ctest-3.27.4"
	CompilerName="C:/Users/silke/OneDrive - Radboud Universiteit/Bureaublad/ImperativeProgramming/mingw64/bin/g++.exe"
	CompilerVersion="12.2.0"
	OSName="Windows"
	Hostname="Laptop_Silke"
	OSRelease=" Personal"
	OSVersion=" (Build 22621)"
	OSPlatform="AMD64"
	Is64Bits="1"
	VendorString="AuthenticAMD"
	VendorID="Advanced Micro Devices"
	FamilyID="15"
	ModelID="4"
	ProcessorCacheSize="64"
	NumberOfLogicalCPU="16"
	NumberOfPhysicalCPU="8"
	TotalVirtualMemory="16708"
	TotalPhysicalMemory="14020"
	LogicalProcessorsPerPhysical="2"
	ProcessorClockFrequency="3193"
	>
	<Testing>
		<StartDateTime>Oct 12 10:49 West-Europa (zomertijd)</StartDateTime>
		<StartTestTime>1697100599</StartTestTime>
		<TestList/>
		<EndDateTime>Oct 12 10:49 West-Europa (zomertijd)</EndDateTime>
		<EndTestTime>1697100599</EndTestTime>
		<ElapsedMinutes>0</ElapsedMinutes>
	</Testing>
</Site>
